2003.10.05 18:36 B c:\inetpub\wwwroot\tcg\add_down.asp --> ftp20.websamba.com  add_down.asp
2003.10.05 18:36 B c:\inetpub\wwwroot\tcg\add_iten.asp --> ftp20.websamba.com  add_iten.asp
2003.10.05 18:36 B c:\inetpub\wwwroot\tcg\admin_ops.asp --> ftp20.websamba.com  admin_ops.asp
2003.10.05 18:36 B c:\inetpub\wwwroot\tcg\adovbs.inc --> ftp20.websamba.com  adovbs.inc
2003.10.05 18:36 B c:\inetpub\wwwroot\tcg\altera2.asp --> ftp20.websamba.com  altera2.asp
2003.10.05 18:37 B c:\inetpub\wwwroot\tcg\altera_dados.asp --> ftp20.websamba.com  altera_dados.asp
2003.10.05 18:37 B c:\inetpub\wwwroot\tcg\alterar.asp --> ftp20.websamba.com  alterar.asp
2003.10.05 18:37 B c:\inetpub\wwwroot\tcg\atu.asp --> ftp20.websamba.com  atu.asp
2003.10.05 18:37 B c:\inetpub\wwwroot\tcg\atualizar.bmp --> ftp20.websamba.com  atualizar.bmp
2003.10.05 18:37 B c:\inetpub\wwwroot\tcg\atualize.bmp --> ftp20.websamba.com  atualize.bmp
2003.10.05 18:38 B c:\inetpub\wwwroot\tcg\banner_new.jpg --> ftp20.websamba.com  banner_new.jpg
2003.10.05 18:38 B c:\inetpub\wwwroot\tcg\cadastre.bmp --> ftp20.websamba.com  cadastre.bmp
2003.10.05 18:38 B c:\inetpub\wwwroot\tcg\cadastro.asp --> ftp20.websamba.com  cadastro.asp
2003.10.05 18:38 B c:\inetpub\wwwroot\tcg\cadastro.bmp --> ftp20.websamba.com  cadastro.bmp
2003.10.05 18:38 B c:\inetpub\wwwroot\tcg\charmleon.gif --> ftp20.websamba.com  charmleon.gif
2003.10.05 18:39 B c:\inetpub\wwwroot\tcg\check.bmp --> ftp20.websamba.com  check.bmp
2003.10.05 18:39 B c:\inetpub\wwwroot\tcg\comprar.jpg --> ftp20.websamba.com  comprar.jpg
2003.10.05 18:39 B c:\inetpub\wwwroot\tcg\config.asp --> ftp20.websamba.com  config.asp
2003.10.05 18:39 B c:\inetpub\wwwroot\tcg\confirma.asp --> ftp20.websamba.com  confirma.asp
2003.10.05 18:39 B c:\inetpub\wwwroot\tcg\conn.asp --> ftp20.websamba.com  conn.asp
2003.10.05 18:39 B c:\inetpub\wwwroot\tcg\dados.asp --> ftp20.websamba.com  dados.asp
2003.10.05 18:39 B c:\inetpub\wwwroot\tcg\dados.bmp --> ftp20.websamba.com  dados.bmp
2003.10.05 18:40 B c:\inetpub\wwwroot\tcg\dados2.asp --> ftp20.websamba.com  dados2.asp
2003.10.05 18:40 B c:\inetpub\wwwroot\tcg\dataconn.asp --> ftp20.websamba.com  dataconn.asp
2003.10.05 18:40 B c:\inetpub\wwwroot\tcg\del_dados.asp --> ftp20.websamba.com  del_dados.asp
2003.10.05 18:40 B c:\inetpub\wwwroot\tcg\del_down.asp --> ftp20.websamba.com  del_down.asp
2003.10.05 18:40 B c:\inetpub\wwwroot\tcg\del_iten.asp --> ftp20.websamba.com  del_iten.asp
2003.10.05 18:40 B c:\inetpub\wwwroot\tcg\del_news.asp --> ftp20.websamba.com  del_news.asp
2003.10.05 18:40 B c:\inetpub\wwwroot\tcg\del_ops.asp --> ftp20.websamba.com  del_ops.asp
2003.10.05 18:40 B c:\inetpub\wwwroot\tcg\deletar.asp --> ftp20.websamba.com  deletar.asp
2003.10.05 18:40 B c:\inetpub\wwwroot\tcg\delete.asp --> ftp20.websamba.com  delete.asp
2003.10.05 18:40 B c:\inetpub\wwwroot\tcg\downloads.asp --> ftp20.websamba.com  downloads.asp
2003.10.05 18:40 B c:\inetpub\wwwroot\tcg\global.asa --> ftp20.websamba.com  global.asa
2003.10.05 18:41 B c:\inetpub\wwwroot\tcg\h.asp --> ftp20.websamba.com  h.asp
2003.10.05 18:41 B c:\inetpub\wwwroot\tcg\index.asp --> ftp20.websamba.com  index.asp
2003.10.05 18:41 B c:\inetpub\wwwroot\tcg\inicio.bmp --> ftp20.websamba.com  inicio.bmp
2003.10.05 18:41 B c:\inetpub\wwwroot\tcg\logado.asp --> ftp20.websamba.com  logado.asp
2003.10.05 18:41 B c:\inetpub\wwwroot\tcg\login.asp --> ftp20.websamba.com  login.asp
2003.10.05 18:41 B c:\inetpub\wwwroot\tcg\login_loja2.asp --> ftp20.websamba.com  login_loja2.asp
2003.10.05 18:41 B c:\inetpub\wwwroot\tcg\loja.bmp --> ftp20.websamba.com  loja.bmp
2003.10.05 18:42 B c:\inetpub\wwwroot\tcg\loja2.asp --> ftp20.websamba.com  loja2.asp
2003.10.05 18:42 B c:\inetpub\wwwroot\tcg\loja3.asp --> ftp20.websamba.com  loja3.asp
2003.10.05 18:42 B c:\inetpub\wwwroot\tcg\lojas.asp --> ftp20.websamba.com  lojas.asp
2003.10.05 18:42 B c:\inetpub\wwwroot\tcg\loje.bmp --> ftp20.websamba.com  loje.bmp
2003.10.05 18:42 B c:\inetpub\wwwroot\tcg\news-assunto.gif --> ftp20.websamba.com  news-assunto.gif
2003.10.05 18:42 B c:\inetpub\wwwroot\tcg\news-data.gif --> ftp20.websamba.com  news-data.gif
2003.10.05 18:42 B c:\inetpub\wwwroot\tcg\news-mail.gif --> ftp20.websamba.com  news-mail.gif
2003.10.05 18:42 B c:\inetpub\wwwroot\tcg\news-por.gif --> ftp20.websamba.com  news-por.gif
2003.10.05 18:43 B c:\inetpub\wwwroot\tcg\operadores.bmp --> ftp20.websamba.com  operadores.bmp
2003.10.05 18:43 B c:\inetpub\wwwroot\tcg\ops.asp --> ftp20.websamba.com  ops.asp
2003.10.05 18:43 B c:\inetpub\wwwroot\tcg\postar_news.asp --> ftp20.websamba.com  postar_news.asp
2003.10.05 18:43 B c:\inetpub\wwwroot\tcg\ranking.asp --> ftp20.websamba.com  ranking.asp
2003.10.05 18:43 B c:\inetpub\wwwroot\tcg\ranking.bmp --> ftp20.websamba.com  ranking.bmp
2003.10.05 18:43 B c:\inetpub\wwwroot\tcg\tick-black.gif --> ftp20.websamba.com  tick-black.gif
2003.10.05 18:44 B c:\inetpub\wwwroot\tcg\zapdos.gif --> ftp20.websamba.com  zapdos.gif
